Running with JAX backend on cpu:0

========================================
       MHW MODEL CONFIGURATION
========================================
Domain:      64.0 x 64.0
Resolution:  64 x 64 (dx=1.0000, dy=1.0000)
Time Step:   dt = 0.0025
----------------------------------------
Physics:     Alpha = 0.2
             Kappa = 1.0
----------------------------------------
Dissipation: order = 6
             nu_w  = 0.001
             nu_n  = 0.001
----------------------------------------
Flags:       Modified HW = True
             Arakawa     = True
========================================


--- Running Auto-Differentiation Test ---
Solver: rk4 | Target: Turbulent Flux
Objective Value: 2.3669e-08
Gradient w.r.t [alpha, kappa]: [-6.17145927e-08  4.73903040e-08]
Time: 1.7221s
